#
# There is insufficient memory for the Java Runtime Environment to continue.
# Native memory allocation (mmap) failed to map 38797312 bytes for Failed to commit area from 0x00000000a9a00000 to 0x00000000abf00000 of length 38797312.
# Possible reasons:
#   The system is out of physical RAM or swap space
#   The process is running with CompressedOops enabled, and the Java Heap may be blocking the growth of the native heap
# Possible solutions:
#   Reduce memory load on the system
#   Increase physical memory or swap space
#   Check if swap backing store is full
#   Decrease Java heap size (-Xmx/-Xms)
#   Decrease number of Java threads
#   Decrease Java thread stack sizes (-Xss)
#   Set larger code cache with -XX:ReservedCodeCacheSize=
#   JVM is running with Unscaled Compressed Oops mode in which the Java heap is
#     placed in the first 4GB address space. The Java Heap base address is the
#     maximum limit for the native heap growth. Please use -XX:HeapBaseMinAddress
#     to set the Java Heap base and to place the Java Heap above 4GB virtual address.
# This output file may be truncated or incomplete.
#
#  Out of Memory Error (./src/hotspot/os/windows/os_windows.cpp:3301), pid=24060, tid=10984
#
# JRE version: OpenJDK Runtime Environment (11.0.11+9) (build 11.0.11+9-b60-7590822)
# Java VM: OpenJDK 64-Bit Server VM (11.0.11+9-b60-7590822, mixed mode, tiered, compressed oops, g1 gc, windows-amd64)
# No core dump will be written. Minidumps are not enabled by default on client versions of Windows
#

---------------  S U M M A R Y ------------

Command Line: --add-opens=java.base/java.util=ALL-UNNAMED --add-opens=java.base/java.lang=ALL-UNNAMED --add-opens=java.base/java.lang.invoke=ALL-UNNAMED --add-opens=java.prefs/java.util.prefs=ALL-UNNAMED -Xmx1536m -Dfile.encoding=GBK -Duser.country=CN -Duser.language=zh -Duser.variant org.gradle.launcher.daemon.bootstrap.GradleDaemon 5.1.1

Host: Intel(R) Core(TM) i5-9300H CPU @ 2.40GHz, 8 cores, 7G,  Windows 10 , 64 bit Build 22598 (10.0.22598.1)
Time: Sat Jun 25 16:27:15 2022 中国标准时间 elapsed time: 40.334651 seconds (0d 0h 0m 40s)

---------------  T H R E A D  ---------------

Current thread (0x0000023bf6135000):  VMThread "VM Thread" [stack: 0x000000a577300000,0x000000a577400000] [id=10984]

Stack: [0x000000a577300000,0x000000a577400000]
[error occurred during error reporting (printing stack bounds), id 0xc0000005, EXCEPTION_ACCESS_VIOLATION (0xc0000005) at pc=0x0000023be0320f2d]

Native frames: (J=compiled Java code, j=interpreted, Vv=VM code, C=native code)
V  [jvm.dll+0x5f214a]
V  [jvm.dll+0x726fb5]
V  [jvm.dll+0x7285cd]
V  [jvm.dll+0x728be5]
V  [jvm.dll+0x728b9b]
V  [jvm.dll+0x5f14e8]
V  [jvm.dll+0x5f1c78]
C  [ntdll.dll+0xa3bff]
C  [ntdll.dll+0x1eaa6]
C  [ntdll.dll+0xa2bee]
C  0x0000023be0320f2d

VM_Operation (0x000000a57a4fa230): G1CollectForAllocation, mode: safepoint, requested by thread 0x0000023bfac1b800


---------------  P R O C E S S  ---------------

Threads class SMR info:
_java_thread_list=0x0000023bf6b0aa00, length=72, elements={
0x0000023bdb047800, 0x0000023bf6138800, 0x0000023bf6142800, 0x0000023bf6165800,
0x0000023bf6166800, 0x0000023bf6168000, 0x0000023bf616c000, 0x0000023bf6a2b000,
0x0000023bf6a31000, 0x0000023bf6b9b000, 0x0000023bf75de000, 0x0000023bf79dd800,
0x0000023bf8242000, 0x0000023bf7ef0800, 0x0000023bf85a9800, 0x0000023bf81b8000,
0x0000023bf7dad000, 0x0000023bf7dae800, 0x0000023bf7e02000, 0x0000023bf8531000,
0x0000023bf8532000, 0x0000023bf852f800, 0x0000023bf8530800, 0x0000023bf852d000,
0x0000023bf852e000, 0x0000023bf852e800, 0x0000023bfcef7800, 0x0000023bfcef8800,
0x0000023bfcef6800, 0x0000023bfcefb000, 0x0000023bfcef5000, 0x0000023bfcef6000,
0x0000023bfcef9000, 0x0000023bfcefa000, 0x0000023bfcefb800, 0x0000023bfac1a800,
0x0000023bfac16800, 0x0000023bfac17800, 0x0000023bfac1b800, 0x0000023bfac19000,
0x0000023bfac1c000, 0x0000023bfac1f800, 0x0000023bfac1e000, 0x0000023bfac1e800,
0x0000023bfac19800, 0x0000023bfac1d000, 0x0000023bfac25000, 0x0000023bfac24800,
0x0000023bfac22000, 0x0000023bfac20000, 0x0000023bfac22800, 0x0000023bfac23800,
0x0000023bfac21000, 0x0000023bfd829800, 0x0000023bfd825000, 0x0000023bfd827800,
0x0000023bfd826800, 0x0000023bfd82b800, 0x0000023bfd828000, 0x0000023bfd829000,
0x0000023bfd82a800, 0x0000023bfd825800, 0x0000023bfd832000, 0x0000023bfd830000,
0x0000023bfd82c000, 0x0000023bfd832800, 0x0000023bfd82e000, 0x0000023bfd82e800,
0x0000023bfd82f800, 0x0000023bfd82d000, 0x0000023bfd833800, 0x0000023bfd831000
}

Java Threads: ( => current thread )
  0x0000023bdb047800 JavaThread "main" [_thread_blocked, id=24568, stack(0x000000a576d00000,0x000000a576e00000)]
  0x0000023bf6138800 JavaThread "Reference Handler" daemon [_thread_blocked, id=3640, stack(0x000000a577400000,0x000000a577500000)]
  0x0000023bf6142800 JavaThread "Finalizer" daemon [_thread_blocked, id=25004, stack(0x000000a577500000,0x000000a577600000)]
  0x0000023bf6165800 JavaThread "Signal Dispatcher" daemon [_thread_blocked, id=24080, stack(0x000000a577600000,0x000000a577700000)]
  0x0000023bf6166800 JavaThread "Attach Listener" daemon [_thread_blocked, id=25448, stack(0x000000a577700000,0x000000a577800000)]
  0x0000023bf6168000 JavaThread "Service Thread" daemon [_thread_blocked, id=24764, stack(0x000000a577800000,0x000000a577900000)]
  0x0000023bf616c000 JavaThread "C2 CompilerThread0" daemon [_thread_blocked, id=10536, stack(0x000000a577900000,0x000000a577a00000)]
  0x0000023bf6a2b000 JavaThread "C1 CompilerThread0" daemon [_thread_blocked, id=22812, stack(0x000000a577a00000,0x000000a577b00000)]
  0x0000023bf6a31000 JavaThread "Sweeper thread" daemon [_thread_blocked, id=21116, stack(0x000000a577b00000,0x000000a577c00000)]
  0x0000023bf6b9b000 JavaThread "Common-Cleaner" daemon [_thread_blocked, id=15292, stack(0x000000a577c00000,0x000000a577d00000)]
  0x0000023bf75de000 JavaThread "Incoming local TCP Connector on port 64700" [_thread_in_native, id=19020, stack(0x000000a578000000,0x000000a578100000)]
  0x0000023bf79dd800 JavaThread "Daemon periodic checks" [_thread_blocked, id=24636, stack(0x000000a578100000,0x000000a578200000)]
  0x0000023bf8242000 JavaThread "Daemon" [_thread_blocked, id=23116, stack(0x000000a578200000,0x000000a578300000)]
  0x0000023bf7ef0800 JavaThread "Handler for socket connection from /127.0.0.1:64700 to /127.0.0.1:64701" [_thread_in_native, id=24116, stack(0x000000a578300000,0x000000a578400000)]
  0x0000023bf85a9800 JavaThread "Cancel handler" [_thread_blocked, id=22772, stack(0x000000a578400000,0x000000a578500000)]
  0x0000023bf81b8000 JavaThread "Daemon worker" [_thread_blocked, id=21852, stack(0x000000a578500000,0x000000a578600000)]
  0x0000023bf7dad000 JavaThread "Asynchronous log dispatcher for DefaultDaemonConnection: socket connection from /127.0.0.1:64700 to /127.0.0.1:64701" [_thread_blocked, id=1424, stack(0x000000a578600000,0x000000a578700000)]
  0x0000023bf7dae800 JavaThread "Stdin handler" [_thread_blocked, id=24024, stack(0x000000a578700000,0x000000a578800000)]
  0x0000023bf7e02000 JavaThread "Thread-7" [_thread_blocked, id=6000, stack(0x000000a578800000,0x000000a578900000)]
  0x0000023bf8531000 JavaThread "Cache worker for file hash cache (C:\Users\17947\.gradle\caches\5.1.1\fileHashes)" [_thread_blocked, id=7408, stack(0x000000a578900000,0x000000a578a00000)]
  0x0000023bf8532000 JavaThread "File lock request listener" [_thread_in_native, id=24404, stack(0x000000a578a00000,0x000000a578b00000)]
  0x0000023bf852f800 JavaThread "Cache worker for journal cache (C:\Users\17947\.gradle\caches\journal-1)" [_thread_blocked, id=25056, stack(0x000000a578b00000,0x000000a578c00000)]
  0x0000023bf8530800 JavaThread "Cache worker for file hash cache (D:\Android2\Shopping_android-master\Shopping_android-master\.gradle\5.1.1\fileHashes)" [_thread_blocked, id=25336, stack(0x000000a578c00000,0x000000a578d00000)]
  0x0000023bf852d000 JavaThread "Cache worker for cache directory md-supplier (C:\Users\17947\.gradle\caches\5.1.1\md-supplier)" [_thread_blocked, id=16456, stack(0x000000a579600000,0x000000a579700000)]
  0x0000023bf852e000 JavaThread "Cache worker for cache directory md-rule (C:\Users\17947\.gradle\caches\5.1.1\md-rule)" [_thread_blocked, id=24100, stack(0x000000a579700000,0x000000a579800000)]
  0x0000023bf852e800 JavaThread "Cache worker for execution history cache (C:\Users\17947\.gradle\caches\5.1.1\executionHistory)" [_thread_blocked, id=20536, stack(0x000000a579800000,0x000000a579900000)]
  0x0000023bfcef7800 JavaThread "Build operations" [_thread_blocked, id=24492, stack(0x000000a579900000,0x000000a579a00000)]
  0x0000023bfcef8800 JavaThread "Build operations Thread 2" [_thread_blocked, id=13332, stack(0x000000a579a00000,0x000000a579b00000)]
  0x0000023bfcef6800 JavaThread "Build operations Thread 3" [_thread_blocked, id=13920, stack(0x000000a579b00000,0x000000a579c00000)]
  0x0000023bfcefb000 JavaThread "Build operations Thread 4" [_thread_blocked, id=25332, stack(0x000000a579c00000,0x000000a579d00000)]
  0x0000023bfcef5000 JavaThread "Build operations Thread 5" [_thread_blocked, id=14164, stack(0x000000a579d00000,0x000000a579e00000)]
  0x0000023bfcef6000 JavaThread "Build operations Thread 6" [_thread_blocked, id=16404, stack(0x000000a579e00000,0x000000a579f00000)]
  0x0000023bfcef9000 JavaThread "Build operations Thread 7" [_thread_blocked, id=2280, stack(0x000000a579f00000,0x000000a57a000000)]
  0x0000023bfcefa000 JavaThread "Build operations Thread 8" [_thread_blocked, id=13348, stack(0x000000a57a000000,0x000000a57a100000)]
  0x0000023bfcefb800 JavaThread "Cache worker for Build Output Cleanup Cache (D:\Android2\Shopping_android-master\Shopping_android-master\.gradle\buildOutputCleanup)" [_thread_blocked, id=12244, stack(0x000000a579400000,0x000000a579500000)]
  0x0000023bfac1a800 JavaThread "Memory manager" [_thread_blocked, id=14924, stack(0x000000a57a100000,0x000000a57a200000)]
  0x0000023bfac16800 JavaThread "Cache worker for file content cache (C:\Users\17947\.gradle\caches\5.1.1\fileContent)" [_thread_blocked, id=24736, stack(0x000000a57a200000,0x000000a57a300000)]
  0x0000023bfac17800 JavaThread "Cache worker for file content cache (D:\Android2\Shopping_android-master\Shopping_android-master\.gradle\5.1.1\fileContent)" [_thread_blocked, id=7972, stack(0x000000a57a300000,0x000000a57a400000)]
  0x0000023bfac1b800 JavaThread "Execution worker for ':'" [_thread_blocked, id=14852, stack(0x000000a57a400000,0x000000a57a500000)]
  0x0000023bfac19000 JavaThread "Execution worker for ':' Thread 2" [_thread_blocked, id=25048, stack(0x000000a57a500000,0x000000a57a600000)]
  0x0000023bfac1c000 JavaThread "Execution worker for ':' Thread 3" [_thread_blocked, id=15404, stack(0x000000a57a600000,0x000000a57a700000)]
  0x0000023bfac1f800 JavaThread "Execution worker for ':' Thread 4" [_thread_blocked, id=3956, stack(0x000000a57a700000,0x000000a57a800000)]
  0x0000023bfac1e000 JavaThread "Execution worker for ':' Thread 5" [_thread_blocked, id=8612, stack(0x000000a57a800000,0x000000a57a900000)]
  0x0000023bfac1e800 JavaThread "Execution worker for ':' Thread 6" [_thread_blocked, id=19236, stack(0x000000a57a900000,0x000000a57aa00000)]
  0x0000023bfac19800 JavaThread "Execution worker for ':' Thread 7" [_thread_blocked, id=16400, stack(0x000000a57aa00000,0x000000a57ab00000)]
  0x0000023bfac1d000 JavaThread "Cache worker for execution history cache (D:\Android2\Shopping_android-master\Shopping_android-master\.gradle\5.1.1\executionHistory)" [_thread_blocked, id=9564, stack(0x000000a57ab00000,0x000000a57ac00000)]
  0x0000023bfac25000 JavaThread "ForkJoinPool.commonPool-worker-3" daemon [_thread_blocked, id=12888, stack(0x000000a57ad00000,0x000000a57ae00000)]
  0x0000023bfac24800 JavaThread "ForkJoinPool.commonPool-worker-5" daemon [_thread_blocked, id=24976, stack(0x000000a57ae00000,0x000000a57af00000)]
  0x0000023bfac22000 JavaThread "ForkJoinPool.commonPool-worker-7" daemon [_thread_blocked, id=2792, stack(0x000000a57af00000,0x000000a57b000000)]
  0x0000023bfac20000 JavaThread "ForkJoinPool.commonPool-worker-9" daemon [_thread_blocked, id=23292, stack(0x000000a57b000000,0x000000a57b100000)]
  0x0000023bfac22800 JavaThread "ForkJoinPool.commonPool-worker-11" daemon [_thread_blocked, id=14088, stack(0x000000a57b100000,0x000000a57b200000)]
  0x0000023bfac23800 JavaThread "ForkJoinPool.commonPool-worker-13" daemon [_thread_blocked, id=15744, stack(0x000000a57b200000,0x000000a57b300000)]
  0x0000023bfac21000 JavaThread "ForkJoinPool.commonPool-worker-15" daemon [_thread_blocked, id=19360, stack(0x000000a57b300000,0x000000a57b400000)]
  0x0000023bfd829800 JavaThread "pool-2-thread-1" [_thread_blocked, id=2656, stack(0x000000a57b400000,0x000000a57b500000)]
  0x0000023bfd825000 JavaThread "stderr" daemon [_thread_in_native, id=13336, stack(0x000000a57b500000,0x000000a57b600000)]
  0x0000023bfd827800 JavaThread "stdout" daemon [_thread_in_native, id=12412, stack(0x000000a57b600000,0x000000a57b700000)]
  0x0000023bfd826800 JavaThread "stderr" daemon [_thread_in_native, id=10096, stack(0x000000a57b700000,0x000000a57b800000)]
  0x0000023bfd82b800 JavaThread "stdout" daemon [_thread_in_native, id=4912, stack(0x000000a57b800000,0x000000a57b900000)]
  0x0000023bfd828000 JavaThread "stderr" daemon [_thread_in_native, id=10976, stack(0x000000a57b900000,0x000000a57ba00000)]
  0x0000023bfd829000 JavaThread "stdout" daemon [_thread_in_native, id=24844, stack(0x000000a57ba00000,0x000000a57bb00000)]
  0x0000023bfd82a800 JavaThread "stderr" daemon [_thread_in_native, id=20940, stack(0x000000a57bb00000,0x000000a57bc00000)]
  0x0000023bfd825800 JavaThread "stdout" daemon [_thread_in_native, id=24904, stack(0x000000a57bc00000,0x000000a57bd00000)]
  0x0000023bfd832000 JavaThread "stderr" daemon [_thread_in_native, id=24868, stack(0x000000a57bd00000,0x000000a57be00000)]
  0x0000023bfd830000 JavaThread "stdout" daemon [_thread_in_native, id=9308, stack(0x000000a57be00000,0x000000a57bf00000)]
  0x0000023bfd82c000 JavaThread "stderr" daemon [_thread_in_native, id=23844, stack(0x000000a57bf00000,0x000000a57c000000)]
  0x0000023bfd832800 JavaThread "stdout" daemon [_thread_in_native, id=22332, stack(0x000000a57c000000,0x000000a57c100000)]
  0x0000023bfd82e000 JavaThread "stderr" daemon [_thread_in_native, id=12604, stack(0x000000a57c100000,0x000000a57c200000)]
  0x0000023bfd82e800 JavaThread "stdout" daemon [_thread_in_native, id=23200, stack(0x000000a57c200000,0x000000a57c300000)]
  0x0000023bfd82f800 JavaThread "Cache worker for Java compile cache (C:\Users\17947\.gradle\caches\5.1.1\javaCompile)" [_thread_blocked, id=21340, stack(0x000000a579500000,0x000000a579600000)]
  0x0000023bfd82d000 JavaThread "Cache worker for Java compile cache (D:\Android2\Shopping_android-master\Shopping_android-master\.gradle\5.1.1\javaCompile)" [_thread_blocked, id=7492, stack(0x000000a57ac00000,0x000000a57ad00000)]
  0x0000023bfd833800 JavaThread "C2 CompilerThread1" daemon [_thread_blocked, id=24044, stack(0x000000a57c500000,0x000000a57c600000)]
  0x0000023bfd831000 JavaThread "C2 CompilerThread2" daemon [_thread_blocked, id=25272, stack(0x000000a57c600000,0x000000a57c700000)]

Other Threads:
=>0x0000023bf6135000 VMThread "VM Thread" [stack: 0x000000a577300000,0x000000a577400000] [id=10984]
  0x0000023bf6bcc800 WatcherThread [stack: 0x000000a577d00000,0x000000a577e00000] [id=10128]
  0x0000023bdb060000 GCTaskThread "GC Thread#0" [stack: 0x000000a576e00000,0x000000a576f00000] [id=4788]
  0x0000023bf7437800 GCTaskThread "GC Thread#1" [stack: 0x000000a577e00000,0x000000a577f00000] [id=11500]
  0x0000023bf7438000 GCTaskThread "GC Thread#2" [stack: 0x000000a577f00000,0x000000a578000000] [id=18112]
  0x0000023bf86bf000 GCTaskThread "GC Thread#3" [stack: 0x000000a578d00000,0x000000a578e00000] [id=25516]
  0x0000023bf86e2800 GCTaskThread "GC Thread#4" [stack: 0x000000a578e00000,0x000000a578f00000] [id=16552]
  0x0000023bf8723000 GCTaskThread "GC Thread#5" [stack: 0x000000a578f00000,0x000000a579000000] [id=22792]
  0x0000023bf86f7800 GCTaskThread "GC Thread#6" [stack: 0x000000a579000000,0x000000a579100000] [id=14332]
  0x0000023bf759b800 GCTaskThread "GC Thread#7" [stack: 0x000000a579100000,0x000000a579200000] [id=8020]
  0x0000023bdb08a000 ConcurrentGCThread "G1 Main Marker" [stack: 0x000000a576f00000,0x000000a577000000] [id=23596]
  0x0000023bdb08c000 ConcurrentGCThread "G1 Conc#0" [stack: 0x000000a577000000,0x000000a577100000] [id=12280]
  0x0000023bf6a5a800 ConcurrentGCThread "G1 Conc#1" [stack: 0x000000a579200000,0x000000a579300000] [id=11892]
  0x0000023bf5f80800 ConcurrentGCThread "G1 Refine#0" [stack: 0x000000a577100000,0x000000a577200000] [id=17056]
  0x0000023bf7420800 ConcurrentGCThread "G1 Refine#1" [stack: 0x000000a579300000,0x000000a579400000] [id=20068]
  0x0000023bf5f83800 ConcurrentGCThread "G1 Young RemSet Sampling" [stack: 0x000000a577200000,0x000000a577300000] [id=13928]

Threads with active compile tasks:
C2 CompilerThread0  40448 12405       4       com.sun.tools.javac.comp.Check::checkTransparentVar (106 bytes)
C2 CompilerThread1  40448 12387       4       com.sun.tools.javac.comp.Resolve::findInheritedMemberType (186 bytes)
C2 CompilerThread2  40449 12403   !   4       com.sun.tools.javac.comp.MemberEnter::visitVarDef (529 bytes)

VM state:at safepoint (normal execution)

VM Mutex/Monitor currently owned by a thread:  ([mutex/lock_event])
[0x0000023bdb044560] Threads_lock - owner thread: 0x0000023bf6135000
[0x0000023bdb043630] Heap_lock - owner thread: 0x0000023bfac1b800

Heap address: 0x00000000a0000000, size: 1536 MB, Compressed Oops mode: 32-bit
Narrow klass base: 0x0000000000000000, Narrow klass shift: 3
Compressed class space size: 1073741824 Address: 0x0000000100000000

Heap:
 garbage-first heap   total 195584K, used 118585K [0x00000000a0000000, 0x0000000100000000)
  region size 1024K, 3 young (3072K), 3 survivors (3072K)
 Metaspace       used 84535K, capacity 86442K, committed 86656K, reserved 1124352K
  class space    used 10404K, capacity 11035K, committed 11136K, reserved 1048576K
Heap Regions: E=young(eden), S=young(survivor), O=old, HS=humongous(starts), HC=humongous(continues), CS=collection set, F=free, A=archive, TAMS=top-at-mark-start (previous, next)
|   0|0x00000000a0000000, 0x00000000a0100000, 0x00000000a0100000|100%|HS|  |TAMS 0x00000000a0100000, 0x00000000a0000000| Complete 
|   1|0x00000000a0100000, 0x00000000a0200000, 0x00000000a0200000|100%|HS|  |TAMS 0x00000000a0200000, 0x00000000a0100000| Complete 
|   2|0x00000000a0200000, 0x00000000a0300000, 0x00000000a0300000|100%|HC|  |TAMS 0x00000000a0300000, 0x00000000a0200000| Complete 
|   3|0x00000000a0300000, 0x00000000a0400000, 0x00000000a0400000|100%| O|  |TAMS 0x00000000a0400000, 0x00000000a0300000| Untracked 
|   4|0x00000000a0400000, 0x00000000a0500000, 0x00000000a0500000|100%| O|  |TAMS 0x00000000a0500000, 0x00000000a0400000| Untracked 
|   5|0x00000000a0500000, 0x00000000a0600000, 0x00000000a0600000|100%| O|  |TAMS 0x00000000a0600000, 0x00000000a0500000| Untracked 
|   6|0x00000000a0600000, 0x00000000a0700000, 0x00000000a0700000|100%| O|  |TAMS 0x00000000a0700000, 0x00000000a0600000| Untracked 
|   7|0x00000000a0700000, 0x00000000a0800000, 0x00000000a0800000|100%| O|  |TAMS 0x00000000a0800000, 0x00000000a0700000| Untracked 
|   8|0x00000000a0800000, 0x00000000a0900000, 0x00000000a0900000|100%| O|  |TAMS 0x00000000a0900000, 0x00000000a0800000| Untracked 
|   9|0x00000000a0900000, 0x00000000a0a00000, 0x00000000a0a00000|100%| O|  |TAMS 0x00000000a0a00000, 0x00000000a0900000| Untracked 
|  10|0x00000000a0a00000, 0x00000000a0b00000, 0x00000000a0b00000|100%| O|  |TAMS 0x00000000a0b00000, 0x00000000a0a00000| Untracked 
|  11|0x00000000a0b00000, 0x00000000a0c00000, 0x00000000a0c00000|100%| O|  |TAMS 0x00000000a0c00000, 0x00000000a0b00000| Untracked 
|  12|0x00000000a0c00000, 0x00000000a0d00000, 0x00000000a0d00000|100%| O|  |TAMS 0x00000000a0d00000, 0x00000000a0c00000| Untracked 
|  13|0x00000000a0d00000, 0x00000000a0e00000, 0x00000000a0e00000|100%| O|  |TAMS 0x00000000a0e00000, 0x00000000a0d00000| Untracked 
|  14|0x00000000a0e00000, 0x00000000a0f00000, 0x00000000a0f00000|100%| O|  |TAMS 0x00000000a0f00000, 0x00000000a0e00000| Untracked 
|  15|0x00000000a0f00000, 0x00000000a1000000, 0x00000000a1000000|100%|HS|  |TAMS 0x00000000a1000000, 0x00000000a0f00000| Complete 
|  16|0x00000000a1000000, 0x00000000a1100000, 0x00000000a1100000|100%|HC|  |TAMS 0x00000000a1100000, 0x00000000a1000000| Complete 
|  17|0x00000000a1100000, 0x00000000a1200000, 0x00000000a1200000|100%|HS|  |TAMS 0x00000000a1200000, 0x00000000a1100000| Complete 
|  18|0x00000000a1200000, 0x00000000a1300000, 0x00000000a1300000|100%|HC|  |TAMS 0x00000000a1300000, 0x00000000a1200000| Complete 
|  19|0x00000000a1300000, 0x00000000a1400000, 0x00000000a1400000|100%|HC|  |TAMS 0x00000000a1400000, 0x00000000a1300000| Complete 
|  20|0x00000000a1400000, 0x00000000a1500000, 0x00000000a1500000|100%|HS|  |TAMS 0x00000000a1500000, 0x00000000a1400000| Complete 
|  21|0x00000000a1500000, 0x00000000a1600000, 0x00000000a1600000|100%|HC|  |TAMS 0x00000000a1600000, 0x00000000a1500000| Complete 
|  22|0x00000000a1600000, 0x00000000a1700000, 0x00000000a1700000|100%|HC|  |TAMS 0x00000000a1700000, 0x00000000a1600000| Complete 
|  23|0x00000000a1700000, 0x00000000a1800000, 0x00000000a1800000|100%|HC|  |TAMS 0x00000000a1800000, 0x00000000a1700000| Complete 
|  24|0x00000000a1800000, 0x00000000a1900000, 0x00000000a1900000|100%| O|  |TAMS 0x00000000a1900000, 0x00000000a1800000| Untracked 
|  25|0x00000000a1900000, 0x00000000a1a00000, 0x00000000a1a00000|100%| O|  |TAMS 0x00000000a1a00000, 0x00000000a1900000| Untracked 
|  26|0x00000000a1a00000, 0x00000000a1b00000, 0x00000000a1b00000|100%| O|  |TAMS 0x00000000a1b00000, 0x00000000a1a00000| Untracked 
|  27|0x00000000a1b00000, 0x00000000a1c00000, 0x00000000a1c00000|100%| O|  |TAMS 0x00000000a1c00000, 0x00000000a1b00000| Untracked 
|  28|0x00000000a1c00000, 0x00000000a1d00000, 0x00000000a1d00000|100%| O|  |TAMS 0x00000000a1d00000, 0x00000000a1c00000| Untracked 
|  29|0x00000000a1d00000, 0x00000000a1e00000, 0x00000000a1e00000|100%| O|  |TAMS 0x00000000a1e00000, 0x00000000a1d00000| Untracked 
|  30|0x00000000a1e00000, 0x00000000a1f00000, 0x00000000a1f00000|100%|HS|  |TAMS 0x00000000a1f00000, 0x00000000a1e00000| Complete 
|  31|0x00000000a1f00000, 0x00000000a2000000, 0x00000000a2000000|100%|HC|  |TAMS 0x00000000a2000000, 0x00000000a1f00000| Complete 
|  32|0x00000000a2000000, 0x00000000a2100000, 0x00000000a2100000|100%|HC|  |TAMS 0x00000000a2100000, 0x00000000a2000000| Complete 
|  33|0x00000000a2100000, 0x00000000a2200000, 0x00000000a2200000|100%|HS|  |TAMS 0x00000000a2200000, 0x00000000a2100000| Complete 
|  34|0x00000000a2200000, 0x00000000a2300000, 0x00000000a2300000|100%|HC|  |TAMS 0x00000000a2300000, 0x00000000a2200000| Complete 
|  35|0x00000000a2300000, 0x00000000a2400000, 0x00000000a2400000|100%| O|  |TAMS 0x00000000a2400000, 0x00000000a2300000| Untracked 
|  36|0x00000000a2400000, 0x00000000a2500000, 0x00000000a2500000|100%| O|  |TAMS 0x00000000a2500000, 0x00000000a2400000| Untracked 
|  37|0x00000000a2500000, 0x00000000a2600000, 0x00000000a2600000|100%| O|  |TAMS 0x00000000a2600000, 0x00000000a2500000| Untracked 
|  38|0x00000000a2600000, 0x00000000a2700000, 0x00000000a2700000|100%| O|  |TAMS 0x00000000a2700000, 0x00000000a2600000| Untracked 
|  39|0x00000000a2700000, 0x00000000a2800000, 0x00000000a2800000|100%| O|  |TAMS 0x00000000a2800000, 0x00000000a2700000| Untracked 
|  40|0x00000000a2800000, 0x00000000a2900000, 0x00000000a2900000|100%| O|  |TAMS 0x00000000a2900000, 0x00000000a2800000| Untracked 
|  41|0x00000000a2900000, 0x00000000a2a00000, 0x00000000a2a00000|100%| O|  |TAMS 0x00000000a2a00000, 0x00000000a2900000| Untracked 
|  42|0x00000000a2a00000, 0x00000000a2b00000, 0x00000000a2b00000|100%| O|  |TAMS 0x00000000a2b00000, 0x00000000a2a00000| Untracked 
|  43|0x00000000a2b00000, 0x00000000a2c00000, 0x00000000a2c00000|100%| O|  |TAMS 0x00000000a2c00000, 0x00000000a2b00000| Untracked 
|  44|0x00000000a2c00000, 0x00000000a2d00000, 0x00000000a2d00000|100%| O|  |TAMS 0x00000000a2d00000, 0x00000000a2c00000| Untracked 
|  45|0x00000000a2d00000, 0x00000000a2e00000, 0x00000000a2e00000|100%| O|  |TAMS 0x00000000a2e00000, 0x00000000a2d00000| Complete 
|  46|0x00000000a2e00000, 0x00000000a2f00000, 0x00000000a2f00000|100%| O|  |TAMS 0x00000000a2f00000, 0x00000000a2e00000| Untracked 
|  47|0x00000000a2f00000, 0x00000000a3000000, 0x00000000a3000000|100%| O|  |TAMS 0x00000000a3000000, 0x00000000a2f00000| Complete 
|  48|0x00000000a3000000, 0x00000000a3100000, 0x00000000a3100000|100%| O|  |TAMS 0x00000000a3100000, 0x00000000a3000000| Untracked 
|  49|0x00000000a3100000, 0x00000000a3200000, 0x00000000a3200000|100%| O|  |TAMS 0x00000000a3200000, 0x00000000a3100000| Untracked 
|  50|0x00000000a3200000, 0x00000000a3300000, 0x00000000a3300000|100%| O|  |TAMS 0x00000000a3300000, 0x00000000a3200000| Untracked 
|  51|0x00000000a3300000, 0x00000000a3400000, 0x00000000a3400000|100%| O|  |TAMS 0x00000000a3400000, 0x00000000a3300000| Complete 
|  52|0x00000000a3400000, 0x00000000a3500000, 0x00000000a3500000|100%| O|  |TAMS 0x00000000a3500000, 0x00000000a3400000| Untracked 
|  53|0x00000000a3500000, 0x00000000a3600000, 0x00000000a3600000|100%| O|  |TAMS 0x00000000a3600000, 0x00000000a3500000| Untracked 
|  54|0x00000000a3600000, 0x00000000a3700000, 0x00000000a3700000|100%| O|  |TAMS 0x00000000a3700000, 0x00000000a3600000| Untracked 
|  55|0x00000000a3700000, 0x00000000a3800000, 0x00000000a3800000|100%| O|  |TAMS 0x00000000a3800000, 0x00000000a3700000| Untracked 
|  56|0x00000000a3800000, 0x00000000a3900000, 0x00000000a3900000|100%| O|  |TAMS 0x00000000a3900000, 0x00000000a3800000| Untracked 
|  57|0x00000000a3900000, 0x00000000a3a00000, 0x00000000a3a00000|100%| O|  |TAMS 0x00000000a3a00000, 0x00000000a3900000| Untracked 
|  58|0x00000000a3a00000, 0x00000000a3b00000, 0x00000000a3b00000|100%| O|  |TAMS 0x00000000a3b00000, 0x00000000a3a00000| Untracked 
|  59|0x00000000a3b00000, 0x00000000a3c00000, 0x00000000a3c00000|100%| O|  |TAMS 0x00000000a3c00000, 0x00000000a3b00000| Complete 
|  60|0x00000000a3c00000, 0x00000000a3d00000, 0x00000000a3d00000|100%| O|  |TAMS 0x00000000a3d00000, 0x00000000a3c00000| Complete 
|  61|0x00000000a3d00000, 0x00000000a3e00000, 0x00000000a3e00000|100%| O|  |TAMS 0x00000000a3e00000, 0x00000000a3d00000| Untracked 
|  62|0x00000000a3e00000, 0x00000000a3f00000, 0x00000000a3f00000|100%| O|  |TAMS 0x00000000a3f00000, 0x00000000a3e00000| Untracked 
|  63|0x00000000a3f00000, 0x00000000a4000000, 0x00000000a4000000|100%| O|  |TAMS 0x00000000a4000000, 0x00000000a3f00000| Complete 
|  64|0x00000000a4000000, 0x00000000a4100000, 0x00000000a4100000|100%| O|  |TAMS 0x00000000a4100000, 0x00000000a4000000| Complete 
|  65|0x00000000a4100000, 0x00000000a4200000, 0x00000000a4200000|100%| O|  |TAMS 0x00000000a4200000, 0x00000000a4100000| Complete 
|  66|0x00000000a4200000, 0x00000000a4300000, 0x00000000a4300000|100%| O|  |TAMS 0x00000000a4300000, 0x00000000a4200000| Complete 
|  67|0x00000000a4300000, 0x00000000a4400000, 0x00000000a4400000|100%| O|  |TAMS 0x00000000a4400000, 0x00000000a4300000| Complete 
|  68|0x00000000a4400000, 0x00000000a4500000, 0x00000000a4500000|100%| O|  |TAMS 0x00000000a4500000, 0x00000000a4400000| Untracked 
|  69|0x00000000a4500000, 0x00000000a4600000, 0x00000000a4600000|100%| O|  |TAMS 0x00000000a4600000, 0x00000000a4500000| Untracked 
|  70|0x00000000a4600000, 0x00000000a4700000, 0x00000000a4700000|100%| O|  |TAMS 0x00000000a4700000, 0x00000000a4600000| Untracked 
|  71|0x00000000a4700000, 0x00000000a4800000, 0x00000000a4800000|100%| O|  |TAMS 0x00000000a4800000, 0x00000000a4700000| Complete 
|  72|0x00000000a4800000, 0x00000000a4900000, 0x00000000a4900000|100%| O|  |TAMS 0x00000000a4900000, 0x00000000a4800000| Complete 
|  73|0x00000000a4900000, 0x00000000a4a00000, 0x00000000a4a00000|100%| O|  |TAMS 0x00000000a4a00000, 0x00000000a4900000| Untracked 
|  74|0x00000000a4a00000, 0x00000000a4b00000, 0x00000000a4b00000|100%| O|  |TAMS 0x00000000a4b00000, 0x00000000a4a00000| Complete 
|  75|0x00000000a4b00000, 0x00000000a4c00000, 0x00000000a4c00000|100%| O|  |TAMS 0x00000000a4c00000, 0x00000000a4b00000| Untracked 
|  76|0x00000000a4c00000, 0x00000000a4d00000, 0x00000000a4d00000|100%| O|  |TAMS 0x00000000a4d00000, 0x00000000a4c00000| Complete 
|  77|0x00000000a4d00000, 0x00000000a4e00000, 0x00000000a4e00000|100%| O|  |TAMS 0x00000000a4e00000, 0x00000000a4d00000| Untracked 
|  78|0x00000000a4e00000, 0x00000000a4f00000, 0x00000000a4f00000|100%|HS|  |TAMS 0x00000000a4f00000, 0x00000000a4e00000| Complete 
|  79|0x00000000a4f00000, 0x00000000a5000000, 0x00000000a5000000|100%|HC|  |TAMS 0x00000000a5000000, 0x00000000a4f00000| Complete 
|  80|0x00000000a5000000, 0x00000000a5100000, 0x00000000a5100000|100%|HS|  |TAMS 0x00000000a5100000, 0x00000000a5000000| Complete 
|  81|0x00000000a5100000, 0x00000000a5200000, 0x00000000a5200000|100%|HC|  |TAMS 0x00000000a5200000, 0x00000000a5100000| Complete 
|  82|0x00000000a5200000, 0x00000000a5300000, 0x00000000a5300000|100%|HC|  |TAMS 0x00000000a5300000, 0x00000000a5200000| Complete 
|  83|0x00000000a5300000, 0x00000000a5400000, 0x00000000a5400000|100%|HS|  |TAMS 0x00000000a5400000, 0x00000000a5300000| Complete 
|  84|0x00000000a5400000, 0x00000000a5500000, 0x00000000a5500000|100%|HC|  |TAMS 0x00000000a5500000, 0x00000000a5400000| Complete 
|  85|0x00000000a5500000, 0x00000000a5600000, 0x00000000a5600000|100%| O|  |TAMS 0x00000000a5600000, 0x00000000a5500000| Untracked 
|  86|0x00000000a5600000, 0x00000000a5700000, 0x00000000a5700000|100%| O|  |TAMS 0x00000000a5700000, 0x00000000a5600000| Untracked 
|  87|0x00000000a5700000, 0x00000000a5800000, 0x00000000a5800000|100%| O|  |TAMS 0x00000000a5800000, 0x00000000a5700000| Complete 
|  88|0x00000000a5800000, 0x00000000a5900000, 0x00000000a5900000|100%| O|  |TAMS 0x00000000a5900000, 0x00000000a5800000| Untracked 
|  89|0x00000000a5900000, 0x00000000a5a00000, 0x00000000a5a00000|100%| O|  |TAMS 0x00000000a5a00000, 0x00000000a5900000| Untracked 
|  90|0x00000000a5a00000, 0x00000000a5b00000, 0x00000000a5b00000|100%| O|  |TAMS 0x00000000a5b00000, 0x00000000a5a00000| Untracked 
|  91|0x00000000a5b00000, 0x00000000a5c00000, 0x00000000a5c00000|100%| O|  |TAMS 0x00000000a5c00000, 0x00000000a5b00000| Untracked 
|  92|0x00000000a5c00000, 0x00000000a5d00000, 0x00000000a5d00000|100%| O|  |TAMS 0x00000000a5d00000, 0x00000000a5c00000| Complete 
|  93|0x00000000a5d00000, 0x00000000a5e00000, 0x00000000a5e00000|100%| O|  |TAMS 0x00000000a5e00000, 0x00000000a5d00000| Untracked 
|  94|0x00000000a5e00000, 0x00000000a5f00000, 0x00000000a5f00000|100%| O|  |TAMS 0x00000000a5f00000, 0x00000000a5e00000| Untracked 
|  95|0x00000000a5f00000, 0x00000000a6000000, 0x00000000a6000000|100%| O|  |TAMS 0x00000000a6000000, 0x00000000a5f00000| Untracked 
|  96|0x00000000a6000000, 0x00000000a6100000, 0x00000000a6100000|100%| O|  |TAMS 0x00000000a6100000, 0x00000000a6000000| Untracked 
|  97|0x00000000a6100000, 0x00000000a6200000, 0x00000000a6200000|100%| O|  |TAMS 0x00000000a6200000, 0x00000000a6100000| Untracked 
|  98|0x00000000a6200000, 0x00000000a6300000, 0x00000000a6300000|100%| O|  |TAMS 0x00000000a6300000, 0x00000000a6200000| Untracked 
|  99|0x00000000a6300000, 0x00000000a6400000, 0x00000000a6400000|100%| O|  |TAMS 0x00000000a6400000, 0x00000000a6300000| Untracked 
| 100|0x00000000a6400000, 0x00000000a6500000, 0x00000000a6500000|100%| O|  |TAMS 0x00000000a6500000, 0x00000000a6400000| Complete 
| 101|0x00000000a6500000, 0x00000000a6600000, 0x00000000a6600000|100%| O|  |TAMS 0x00000000a6600000, 0x00000000a6500000| Untracked 
| 102|0x00000000a6600000, 0x00000000a6700000, 0x00000000a6700000|100%| O|  |TAMS 0x00000000a6700000, 0x00000000a6600000| Complete 
| 103|0x00000000a6700000, 0x00000000a6800000, 0x00000000a6800000|100%| O|  |TAMS 0x00000000a6800000, 0x00000000a6700000| Complete 
| 104|0x00000000a6800000, 0x00000000a6900000, 0x00000000a6900000|100%| O|  |TAMS 0x00000000a6900000, 0x00000000a6800000| Untracked 
| 105|0x00000000a6900000, 0x00000000a6a00000, 0x00000000a6a00000|100%| O|  |TAMS 0x00000000a695d800, 0x00000000a6900000| Untracked 
| 106|0x00000000a6a00000, 0x00000000a6b00000, 0x00000000a6b00000|100%| O|  |TAMS 0x00000000a6a00000, 0x00000000a6a00000| Untracked 
| 107|0x00000000a6b00000, 0x00000000a6c00000, 0x00000000a6c00000|100%| O|  |TAMS 0x00000000a6b00000, 0x00000000a6b00000| Untracked 
| 108|0x00000000a6c00000, 0x00000000a6d00000, 0x00000000a6d00000|100%| O|  |TAMS 0x00000000a6c00000, 0x00000000a6c00000| Untracked 
| 109|0x00000000a6d00000, 0x00000000a6e00000, 0x00000000a6e00000|100%| O|  |TAMS 0x00000000a6d00000, 0x00000000a6d00000| Untracked 
| 110|0x00000000a6e00000, 0x00000000a6f00000, 0x00000000a6f00000|100%| O|  |TAMS 0x00000000a6e00000, 0x00000000a6e00000| Untracked 
| 111|0x00000000a6f00000, 0x00000000a7000000, 0x00000000a7000000|100%| O|  |TAMS 0x00000000a6f00000, 0x00000000a6f00000| Untracked 
| 112|0x00000000a7000000, 0x00000000a70ce400, 0x00000000a7100000| 80%| O|  |TAMS 0x00000000a7000000, 0x00000000a7000000| Untracked 
| 113|0x00000000a7100000, 0x00000000a7100000, 0x00000000a7200000|  0%| F|  |TAMS 0x00000000a7100000, 0x00000000a7100000| Untracked 
| 114|0x00000000a7200000, 0x00000000a7200000, 0x00000000a7300000|  0%| F|  |TAMS 0x00000000a7200000, 0x00000000a7200000| Untracked 
| 115|0x00000000a7300000, 0x00000000a7300000, 0x00000000a7400000|  0%| F|  |TAMS 0x00000000a7300000, 0x00000000a7300000| Untracked 
| 116|0x00000000a7400000, 0x00000000a7400000, 0x00000000a7500000|  0%| F|  |TAMS 0x00000000a7400000, 0x00000000a7400000| Untracked 
| 117|0x00000000a7500000, 0x00000000a7500000, 0x00000000a7600000|  0%| F|  |TAMS 0x00000000a7500000, 0x00000000a7500000| Untracked 
| 118|0x00000000a7600000, 0x00000000a7600000, 0x00000000a7700000|  0%| F|  |TAMS 0x00000000a7600000, 0x00000000a7600000| Untracked 
| 119|0x00000000a7700000, 0x00000000a7700000, 0x00000000a7800000|  0%| F|  |TAMS 0x00000000a7700000, 0x00000000a7700000| Untracked 
| 120|0x00000000a7800000, 0x00000000a7800000, 0x00000000a7900000|  0%| F|  |TAMS 0x00000000a7800000, 0x00000000a7800000| Untracked 
| 121|0x00000000a7900000, 0x00000000a7900000, 0x00000000a7a00000|  0%| F|  |TAMS 0x00000000a7900000, 0x00000000a7900000| Untracked 
| 122|0x00000000a7a00000, 0x00000000a7a00000, 0x00000000a7b00000|  0%| F|  |TAMS 0x00000000a7a00000, 0x00000000a7a00000| Untracked 
| 123|0x00000000a7b00000, 0x00000000a7b00000, 0x00000000a7c00000|  0%| F|  |TAMS 0x00000000a7b00000, 0x00000000a7b00000| Untracked 
| 124|0x00000000a7c00000, 0x00000000a7c00000, 0x00000000a7d00000|  0%| F|  |TAMS 0x00000000a7c00000, 0x00000000a7c00000| Untracked 
| 125|0x00000000a7d00000, 0x00000000a7d00000, 0x00000000a7e00000|  0%| F|  |TAMS 0x00000000a7d00000, 0x00000000a7d00000| Untracked 
| 126|0x00000000a7e00000, 0x00000000a7e00000, 0x00000000a7f00000|  0%| F|  |TAMS 0x00000000a7e00000, 0x00000000a7e00000| Untracked 
| 127|0x00000000a7f00000, 0x00000000a7f00000, 0x00000000a8000000|  0%| F|  |TAMS 0x00000000a7f00000, 0x00000000a7f00000| Untracked 
| 128|0x00000000a8000000, 0x00000000a8000000, 0x00000000a8100000|  0%| F|  |TAMS 0x00000000a8000000, 0x00000000a8000000| Untracked 
| 129|0x00000000a8100000, 0x00000000a8100000, 0x00000000a8200000|  0%| F|  |TAMS 0x00000000a8100000, 0x00000000a8100000| Untracked 
| 130|0x00000000a8200000, 0x00000000a8200000, 0x00000000a8300000|  0%| F|  |TAMS 0x00000000a8200000, 0x00000000a8200000| Untracked 
| 131|0x00000000a8300000, 0x00000000a8300000, 0x00000000a8400000|  0%| F|  |TAMS 0x00000000a8300000, 0x00000000a8300000| Untracked 
| 132|0x00000000a8400000, 0x00000000a8400000, 0x00000000a8500000|  0%| F|  |TAMS 0x00000000a8400000, 0x00000000a8400000| Untracked 
| 133|0x00000000a8500000, 0x00000000a8500000, 0x00000000a8600000|  0%| F|  |TAMS 0x00000000a8500000, 0x00000000a8500000| Untracked 
| 134|0x00000000a8600000, 0x00000000a8600000, 0x00000000a8700000|  0%| F|  |TAMS 0x00000000a8600000, 0x00000000a8600000| Untracked 
| 135|0x00000000a8700000, 0x00000000a8700000, 0x00000000a8800000|  0%| F|  |TAMS 0x00000000a8700000, 0x00000000a8700000| Untracked 
| 136|0x00000000a8800000, 0x00000000a8800000, 0x00000000a8900000|  0%| F|  |TAMS 0x00000000a8800000, 0x00000000a8800000| Untracked 
| 137|0x00000000a8900000, 0x00000000a8a00000, 0x00000000a8a00000|100%| S|CS|TAMS 0x00000000a8900000, 0x00000000a8900000| Complete 
| 138|0x00000000a8a00000, 0x00000000a8b00000, 0x00000000a8b00000|100%| S|CS|TAMS 0x00000000a8a00000, 0x00000000a8a00000| Complete 
| 139|0x00000000a8b00000, 0x00000000a8c00000, 0x00000000a8c00000|100%| S|CS|TAMS 0x00000000a8b00000, 0x00000000a8b00000| Complete 
| 140|0x00000000a8c00000, 0x00000000a8c00000, 0x00000000a8d00000|  0%| F|  |TAMS 0x00000000a8c00000, 0x00000000a8c00000| Untracked 
| 141|0x00000000a8d00000, 0x00000000a8d00000, 0x00000000a8e00000|  0%| F|  |TAMS 0x00000000a8d00000, 0x00000000a8d00000| Untracked 
| 142|0x00000000a8e00000, 0x00000000a8e00000, 0x00000000a8f00000|  0%| F|  |TAMS 0x00000000a8e00000, 0x00000000a8e00000| Untracked 
| 143|0x00000000a8f00000, 0x00000000a8f00000, 0x00000000a9000000|  0%| F|  |TAMS 0x00000000a8f00000, 0x00000000a8f00000| Untracked 
| 144|0x00000000a9000000, 0x00000000a9000000, 0x00000000a9100000|  0%| F|  |TAMS 0x00000000a9000000, 0x00000000a9000000| Untracked 
| 145|0x00000000a9100000, 0x00000000a9100000, 0x00000000a9200000|  0%| F|  |TAMS 0x00000000a9100000, 0x00000000a9100000| Untracked 
| 146|0x00000000a9200000, 0x00000000a9200000, 0x00000000a9300000|  0%| F|  |TAMS 0x00000000a9200000, 0x00000000a9200000| Untracked 
| 147|0x00000000a9300000, 0x00000000a9300000, 0x00000000a9400000|  0%| F|  |TAMS 0x00000000a9300000, 0x00000000a9300000| Untracked 
| 148|0x00000000a9400000, 0x00000000a9400000, 0x00000000a9500000|  0%| F|  |TAMS 0x00000000a9400000, 0x00000000a9400000| Untracked 
| 149|0x00000000a9500000, 0x00000000a9500000, 0x00000000a9600000|  0%| F|  |TAMS 0x00000000a9500000, 0x00000000a9500000| Untracked 
| 150|0x00000000a9600000, 0x00000000a9600000, 0x00000000a9700000|  0%| F|  |TAMS 0x00000000a9600000, 0x00000000a9600000| Untracked 
| 151|0x00000000a9700000, 0x00000000a9700000, 0x00000000a9800000|  0%| F|  |TAMS 0x00000000a9700000, 0x00000000a9700000| Untracked 
| 152|0x00000000a9800000, 0x00000000a9800000, 0x00000000a9900000|  0%| F|  |TAMS 0x00000000a9800000, 0x00000000a9800000| Untracked 
| 153|0x00000000a9900000, 0x00000000a9900000, 0x00000000a9a00000|  0%| F|  |TAMS 0x00000000a9900000, 0x00000000a9900000| Untracked 

Card table byte_map: [0x0000023bf0080000,0x0000023bf0380000] _byte_map_base: 0x0000023befb80000

Marking Bits (Prev, Next): (CMBitMap*) 0x0000023bdb083360, (CMBitMap*) 0x0000023bdb083328
 Prev Bits: [0x0000023bf1e80000, 0x0000023bf3680000)
 Next Bits: [0x0000023bf0680000, 0x0000023bf1e80000)

Polling page: 0x0000023bdb120000

Metaspace:

Usage:
  Non-class:     73.64 MB capacity,    72.39 MB ( 98%) used,     1.07 MB (  1%) free+waste,   178.25 KB ( <1%) overhead. 
      Class:     10.78 MB capacity,    10.16 MB ( 94%) used,   551.04 KB (  5%) free+waste,    79.31 KB ( <1%) overhead. 
       Both:     84.42 MB capacity,    82.55 MB ( 98%) used,     1.61 MB (  2%) free+waste,   257.56 KB ( <1%) overhead. 

Virtual space:
  Non-class space:       74.00 MB reserved,      73.75 MB (>99%) committed 
      Class space:        1.00 GB reserved,      10.88 MB (  1%) committed 
             Both:        1.07 GB reserved,      84.63 MB (  8%) committed 

Chunk freelists:
   Non-Class:  49.00 KB
       Class:  5.00 KB
        Both:  54.00 KB

MaxMetaspaceSize: 17179869184.00 GB
CompressedClassSpaceSize: 1.00 GB

CodeHeap 'non-profiled nmethods': size=120000Kb used=8984Kb max_used=8984Kb free=111015Kb
 bounds [0x0000023be7df0000, 0x0000023be86c0000, 0x0000023bef320000]
CodeHeap 'profiled nmethods': size=120000Kb used=27903Kb max_used=27903Kb free=92096Kb
 bounds [0x0000023be08c0000, 0x0000023be2400000, 0x0000023be7df0000]
CodeHeap 'non-nmethods': size=5760Kb used=2282Kb max_used=2355Kb free=3477Kb
 bounds [0x0000023be0320000, 0x0000023be0590000, 0x0000023be08c0000]
 total_blobs=13158 nmethods=12276 adapters=793
 compilation: enabled
              stopped_count=0, restarted_count=0
 full_count=0

Compilation events (20 events):
Event: 40.284 Thread 0x0000023bf6a2b000 12406       3       com.sun.tools.javac.tree.JCTree::setPos (7 bytes)
Event: 40.284 Thread 0x0000023bf6a2b000 nmethod 12406 0x0000023be23fbe10 code [0x0000023be23fbfc0, 0x0000023be23fc0b8]
Event: 40.285 Thread 0x0000023bf6a2b000 12407       3       com.sun.tools.javac.comp.Attr::attribAnnotationTypes (38 bytes)
Event: 40.285 Thread 0x0000023bf6a2b000 nmethod 12407 0x0000023be23fc190 code [0x0000023be23fc3a0, 0x0000023be23fc9f8]
Event: 40.286 Thread 0x0000023bf6a2b000 12408       3       com.sun.tools.javac.comp.TypeEnter::handleDeprecatedAnnotations (110 bytes)
Event: 40.286 Thread 0x0000023bf616c000 nmethod 12280 0x0000023be86aeb90 code [0x0000023be86af080, 0x0000023be86b3ef0]
Event: 40.286 Thread 0x0000023bf616c000 12388       4       com.sun.tools.javac.comp.Annotate$$Lambda$599/0x0000000100aa9440::<init> (32 bytes)
Event: 40.287 Thread 0x0000023bf6a2b000 nmethod 12408 0x0000023be23fcd10 code [0x0000023be23fcfa0, 0x0000023be23fdb88]
Event: 40.294 Thread 0x0000023bf616c000 nmethod 12388 0x0000023be86b5a10 code [0x0000023be86b5ba0, 0x0000023be86b5ff8]
Event: 40.294 Thread 0x0000023bf616c000 12405       4       com.sun.tools.javac.comp.Check::checkTransparentVar (106 bytes)
Event: 40.295 Thread 0x0000023bf6a2b000 12410       3       com.sun.tools.javac.comp.MemberEnter::visitTree (1 bytes)
Event: 40.295 Thread 0x0000023bf6a2b000 nmethod 12410 0x0000023be23fdf90 code [0x0000023be23fe140, 0x0000023be23fe238]
Event: 40.295 Thread 0x0000023bf6a2b000 12411       3       com.sun.tools.javac.tree.JCTree$Visitor::visitClassDef (6 bytes)
Event: 40.295 Thread 0x0000023bf6a2b000 nmethod 12411 0x0000023be23fe310 code [0x0000023be23fe4c0, 0x0000023be23fe668]
Event: 40.297 Thread 0x0000023bf6a2b000 12412       3       com.sun.tools.javac.comp.Check::checkNonCyclicDecl (44 bytes)
Event: 40.298 Thread 0x0000023bf6a2b000 nmethod 12412 0x0000023be23fe710 code [0x0000023be23fe920, 0x0000023be23fef88]
Event: 40.302 Thread 0x0000023bf6a2b000 12413       3       com.sun.tools.javac.tree.JCTree$JCCompilationUnit::getTag (4 bytes)
Event: 40.302 Thread 0x0000023bf6a2b000 nmethod 12413 0x0000023be23ff210 code [0x0000023be23ff3c0, 0x0000023be23ff4d8]
Event: 40.304 Thread 0x0000023bf6a2b000 12414       3       com.sun.tools.javac.tree.JCTree$JCCompilationUnit::getPackage (42 bytes)
Event: 40.305 Thread 0x0000023bf6a2b000 nmethod 12414 0x0000023be23ff590 code [0x0000023be23ff780, 0x0000023be23ffdb8]

GC Heap History (20 events):
Event: 28.459 GC heap after
{Heap after GC invocations=38 (full 0):
 garbage-first heap   total 157696K, used 78259K [0x00000000a0000000, 0x0000000100000000)
  region size 1024K, 1 young (1024K), 1 survivors (1024K)
 Metaspace       used 75578K, capacity 77243K, committed 77312K, reserved 1116160K
  class space    used 9393K, capacity 9956K, committed 9984K, reserved 1048576K
}
Event: 28.492 GC heap before
{Heap before GC invocations=38 (full 0):
 garbage-first heap   total 157696K, used 84403K [0x00000000a0000000, 0x0000000100000000)
  region size 1024K, 7 young (7168K), 1 survivors (1024K)
 Metaspace       used 75578K, capacity 77243K, committed 77312K, reserved 1116160K
  class space    used 9393K, capacity 9956K, committed 9984K, reserved 1048576K
}
Event: 28.494 GC heap after
{Heap after GC invocations=39 (full 0):
 garbage-first heap   total 157696K, used 76247K [0x00000000a0000000, 0x0000000100000000)
  region size 1024K, 1 young (1024K), 1 survivors (1024K)
 Metaspace       used 75578K, capacity 77243K, committed 77312K, reserved 1116160K
  class space    used 9393K, capacity 9956K, committed 9984K, reserved 1048576K
}
Event: 28.775 GC heap before
{Heap before GC invocations=39 (full 0):
 garbage-first heap   total 157696K, used 116183K [0x00000000a0000000, 0x0000000100000000)
  region size 1024K, 40 young (40960K), 1 survivors (1024K)
 Metaspace       used 75582K, capacity 77243K, committed 77312K, reserved 1116160K
  class space    used 9393K, capacity 9956K, committed 9984K, reserved 1048576K
}
Event: 28.779 GC heap after
{Heap after GC invocations=40 (full 0):
 garbage-first heap   total 157696K, used 76538K [0x00000000a0000000, 0x0000000100000000)
  region size 1024K, 1 young (1024K), 1 survivors (1024K)
 Metaspace       used 75582K, capacity 77243K, committed 77312K, reserved 1116160K
  class space    used 9393K, capacity 9956K, committed 9984K, reserved 1048576K
}
Event: 29.017 GC heap before
{Heap before GC invocations=41 (full 0):
 garbage-first heap   total 157696K, used 118522K [0x00000000a0000000, 0x0000000100000000)
  region size 1024K, 42 young (43008K), 1 survivors (1024K)
 Metaspace       used 75583K, capacity 77243K, committed 77312K, reserved 1116160K
  class space    used 9393K, capacity 9956K, committed 9984K, reserved 1048576K
}
Event: 29.019 GC heap after
{Heap after GC invocations=42 (full 0):
 garbage-first heap   total 157696K, used 76667K [0x00000000a0000000, 0x0000000100000000)
  region size 1024K, 1 young (1024K), 1 survivors (1024K)
 Metaspace       used 75583K, capacity 77243K, committed 77312K, reserved 1116160K
  class space    used 9393K, capacity 9956K, committed 9984K, reserved 1048576K
}
Event: 32.882 GC heap before
{Heap before GC invocations=42 (full 0):
 garbage-first heap   total 157696K, used 119675K [0x00000000a0000000, 0x0000000100000000)
  region size 1024K, 44 young (45056K), 1 survivors (1024K)
 Metaspace       used 78865K, capacity 80661K, committed 80896K, reserved 1120256K
  class space    used 9841K, capacity 10438K, committed 10496K, reserved 1048576K
}
Event: 32.891 GC heap after
{Heap after GC invocations=43 (full 0):
 garbage-first heap   total 157696K, used 76923K [0x00000000a0000000, 0x0000000100000000)
  region size 1024K, 2 young (2048K), 2 survivors (2048K)
 Metaspace       used 78865K, capacity 80661K, committed 80896K, reserved 1120256K
  class space    used 9841K, capacity 10438K, committed 10496K, reserved 1048576K
}
Event: 34.066 GC heap before
{Heap before GC invocations=44 (full 0):
 garbage-first heap   total 157696K, used 99451K [0x00000000a0000000, 0x0000000100000000)
  region size 1024K, 25 young (25600K), 2 survivors (2048K)
 Metaspace       used 82413K, capacity 84266K, committed 84352K, reserved 1122304K
  class space    used 10229K, capacity 10832K, committed 10880K, reserved 1048576K
}
Event: 34.096 GC heap after
{Heap after GC invocations=45 (full 0):
 garbage-first heap   total 157696K, used 81082K [0x00000000a0000000, 0x0000000100000000)
  region size 1024K, 6 young (6144K), 6 survivors (6144K)
 Metaspace       used 82413K, capacity 84266K, committed 84352K, reserved 1122304K
  class space    used 10229K, capacity 10832K, committed 10880K, reserved 1048576K
}
Event: 34.392 GC heap before
{Heap before GC invocations=46 (full 0):
 garbage-first heap   total 157696K, used 87226K [0x00000000a0000000, 0x0000000100000000)
  region size 1024K, 12 young (12288K), 6 survivors (6144K)
 Metaspace       used 82425K, capacity 84266K, committed 84352K, reserved 1122304K
  class space    used 10229K, capacity 10832K, committed 10880K, reserved 1048576K
}
Event: 34.435 GC heap after
{Heap after GC invocations=47 (full 0):
 garbage-first heap   total 157696K, used 82375K [0x00000000a0000000, 0x0000000100000000)
  region size 1024K, 2 young (2048K), 2 survivors (2048K)
 Metaspace       used 82425K, capacity 84266K, committed 84352K, reserved 1122304K
  class space    used 10229K, capacity 10832K, committed 10880K, reserved 1048576K
}
Event: 38.687 GC heap before
{Heap before GC invocations=48 (full 0):
 garbage-first heap   total 157696K, used 139719K [0x00000000a0000000, 0x0000000100000000)
  region size 1024K, 41 young (41984K), 2 survivors (2048K)
 Metaspace       used 83280K, capacity 85190K, committed 85504K, reserved 1124352K
  class space    used 10307K, capacity 10925K, committed 11008K, reserved 1048576K
}
Event: 38.708 GC heap after
{Heap after GC invocations=49 (full 0):
 garbage-first heap   total 157696K, used 98928K [0x00000000a0000000, 0x0000000100000000)
  region size 1024K, 6 young (6144K), 6 survivors (6144K)
 Metaspace       used 83280K, capacity 85190K, committed 85504K, reserved 1124352K
  class space    used 10307K, capacity 10925K, committed 11008K, reserved 1048576K
}
Event: 38.741 GC heap before
{Heap before GC invocations=49 (full 0):
 garbage-first heap   total 157696K, used 99952K [0x00000000a0000000, 0x0000000100000000)
  region size 1024K, 7 young (7168K), 6 survivors (6144K)
 Metaspace       used 83285K, capacity 85190K, committed 85504K, reserved 1124352K
  class space    used 10307K, capacity 10925K, committed 11008K, reserved 1048576K
}
Event: 38.754 GC heap after
{Heap after GC invocations=50 (full 0):
 garbage-first heap   total 157696K, used 98799K [0x00000000a0000000, 0x0000000100000000)
  region size 1024K, 1 young (1024K), 1 survivors (1024K)
 Metaspace       used 83285K, capacity 85190K, committed 85504K, reserved 1124352K
  class space    used 10307K, capacity 10925K, committed 11008K, reserved 1048576K
}
Event: 39.732 GC heap before
{Heap before GC invocations=50 (full 0):
 garbage-first heap   total 157696K, used 125423K [0x00000000a0000000, 0x0000000100000000)
  region size 1024K, 27 young (27648K), 1 survivors (1024K)
 Metaspace       used 83915K, capacity 85884K, committed 86016K, reserved 1124352K
  class space    used 10340K, capacity 11001K, committed 11008K, reserved 1048576K
}
Event: 39.766 GC heap after
{Heap after GC invocations=51 (full 0):
 garbage-first heap   total 157696K, used 111990K [0x00000000a0000000, 0x0000000100000000)
  region size 1024K, 4 young (4096K), 4 survivors (4096K)
 Metaspace       used 83915K, capacity 85884K, committed 86016K, reserved 1124352K
  class space    used 10340K, capacity 11001K, committed 11008K, reserved 1048576K
}
Event: 40.306 GC heap before
{Heap before GC invocations=52 (full 0):
 garbage-first heap   total 157696K, used 125302K [0x00000000a0000000, 0x0000000100000000)
  region size 1024K, 18 young (18432K), 4 survivors (4096K)
 Metaspace       used 84535K, capacity 86442K, committed 86656K, reserved 1124352K
  class space    used 10404K, capacity 11035K, committed 11136K, reserved 1048576K
}

Deoptimization events (20 events):
Event: 39.887 Thread 0x0000023bfac1b800 Uncommon trap: trap_request=0xffffff4d fr.pc=0x0000023be86360f0 relative=0x0000000000000c30
Event: 39.887 Thread 0x0000023bfac1b800 Uncommon trap: reason=unstable_if action=reinterpret pc=0x0000023be86360f0 method=com.sun.tools.javac.file.BaseFileManager.getKind(Ljava/lang/String;)Ljavax/tools/JavaFileObject$Kind; @ 10 c2
Event: 39.887 Thread 0x0000023bfac1b800 DEOPT PACKING pc=0x0000023be86360f0 sp=0x000000a57a4f97a0
Event: 39.887 Thread 0x0000023bfac1b800 DEOPT UNPACKING pc=0x0000023be034662f sp=0x000000a57a4f96b8 mode 2
Event: 39.941 Thread 0x0000023bfac1b800 Uncommon trap: trap_request=0xffffff4d fr.pc=0x0000023be861fd00 relative=0x0000000000000640
Event: 39.941 Thread 0x0000023bfac1b800 Uncommon trap: reason=unstable_if action=reinterpret pc=0x0000023be861fd00 method=sun.nio.fs.WindowsPath.compareTo(Ljava/nio/file/Path;)I @ 76 c2
Event: 39.941 Thread 0x0000023bfac1b800 DEOPT PACKING pc=0x0000023be861fd00 sp=0x000000a57a4f8410
Event: 39.941 Thread 0x0000023bfac1b800 DEOPT UNPACKING pc=0x0000023be034662f sp=0x000000a57a4f8378 mode 2
Event: 40.076 Thread 0x0000023bfac1b800 Uncommon trap: trap_request=0xffffffde fr.pc=0x0000023be867d4c0 relative=0x0000000000000180
Event: 40.076 Thread 0x0000023bfac1b800 Uncommon trap: reason=class_check action=maybe_recompile pc=0x0000023be867d4c0 method=com.sun.tools.javac.util.ListBuffer.next()Ljava/lang/Object; @ 12 c2
Event: 40.076 Thread 0x0000023bfac1b800 DEOPT PACKING pc=0x0000023be867d4c0 sp=0x000000a57a4fb1a0
Event: 40.076 Thread 0x0000023bfac1b800 DEOPT UNPACKING pc=0x0000023be034662f sp=0x000000a57a4fb158 mode 2
Event: 40.100 Thread 0x0000023bfac1b800 Uncommon trap: trap_request=0xffffff4d fr.pc=0x0000023be81c0374 relative=0x0000000000000354
Event: 40.100 Thread 0x0000023bfac1b800 Uncommon trap: reason=unstable_if action=reinterpret pc=0x0000023be81c0374 method=java.util.HashMap$HashIterator.<init>(Ljava/util/HashMap;)V @ 45 c2
Event: 40.100 Thread 0x0000023bfac1b800 DEOPT PACKING pc=0x0000023be81c0374 sp=0x000000a57a4faf70
Event: 40.100 Thread 0x0000023bfac1b800 DEOPT UNPACKING pc=0x0000023be034662f sp=0x000000a57a4faf28 mode 2
Event: 40.111 Thread 0x0000023bfac1b800 Uncommon trap: trap_request=0xffffff4d fr.pc=0x0000023be8679dfc relative=0x000000000000051c
Event: 40.111 Thread 0x0000023bfac1b800 Uncommon trap: reason=unstable_if action=reinterpret pc=0x0000023be8679dfc method=com.sun.tools.javac.comp.Check.checkFlags(Lcom/sun/tools/javac/util/JCDiagnostic$DiagnosticPosition;JLcom/sun/tools/javac/code/Symbol;Lcom/sun/tools/javac/tree/JCTree;)J @ 1
Event: 40.111 Thread 0x0000023bfac1b800 DEOPT PACKING pc=0x0000023be8679dfc sp=0x000000a57a4fab60
Event: 40.111 Thread 0x0000023bfac1b800 DEOPT UNPACKING pc=0x0000023be034662f sp=0x000000a57a4fab10 mode 2

Classes redefined (0 events):
No events

Internal exceptions (20 events):
Event: 18.269 Thread 0x0000023bfac19800 Implicit null exception at 0x0000023be8311061 to 0x0000023be83163bc
Event: 19.522 Thread 0x0000023bfac19800 Implicit null exception at 0x0000023be837eb7a to 0x0000023be8383ab0
Event: 19.590 Thread 0x0000023bfac24800 Exception <a 'java/lang/NoSuchMethodError'{0x00000000a7e3a690}: 'void java.lang.invoke.DirectMethodHandle$Holder.invokeStatic(java.lang.Object, long)'> (0x00000000a7e3a690) thrown at [./src/hotspot/share/interpreter/linkResolver.cpp, line 773]
Event: 19.591 Thread 0x0000023bfac24800 Exception <a 'java/lang/NoSuchMethodError'{0x00000000a7e3fbc0}: 'java.lang.Object java.lang.invoke.DirectMethodHandle$Holder.invokeStatic(java.lang.Object, long)'> (0x00000000a7e3fbc0) thrown at [./src/hotspot/share/interpreter/linkResolver.cpp, line 773]
Event: 19.604 Thread 0x0000023bfac24800 Exception <a 'java/lang/NoSuchMethodError'{0x00000000a7e4e930}: 'java.lang.Object java.lang.invoke.DirectMethodHandle$Holder.invokeStaticInit(java.lang.Object, java.lang.Object, long, java.lang.Object)'> (0x00000000a7e4e930) thrown at [./src/hotspot/share/interpreter/linkResolver.cpp, line 773]
Event: 19.605 Thread 0x0000023bfac24800 Exception <a 'java/lang/NoSuchMethodError'{0x00000000a7e54820}: 'java.lang.Object java.lang.invoke.DirectMethodHandle$Holder.invokeStatic(java.lang.Object, java.lang.Object, long)'> (0x00000000a7e54820) thrown at [./src/hotspot/share/interpreter/linkResolver.cpp, line 773]
Event: 19.605 Thread 0x0000023bfac24800 Exception <a 'java/lang/NoSuchMethodError'{0x00000000a7e5ad30}: 'java.lang.Object java.lang.invoke.Invokers$Holder.linkToTargetMethod(java.lang.Object, long, java.lang.Object)'> (0x00000000a7e5ad30) thrown at [./src/hotspot/share/interpreter/linkResolver.cpp, line 773]
Event: 24.375 Thread 0x0000023bfac1b800 Exception <a 'java/lang/NoSuchMethodError'{0x00000000a77002c8}: 'int java.lang.invoke.DirectMethodHandle$Holder.invokeStaticInit(java.lang.Object, java.lang.Object)'> (0x00000000a77002c8) thrown at [./src/hotspot/share/interpreter/linkResolver.cpp, line 773]
Event: 24.386 Thread 0x0000023bfac1b800 Exception <a 'java/lang/NoSuchMethodError'{0x00000000a770ef30}: 'int java.lang.invoke.DirectMethodHandle$Holder.invokeSpecialIFC(java.lang.Object, java.lang.Object, java.lang.Object)'> (0x00000000a770ef30) thrown at [./src/hotspot/share/interpreter/linkResolver.cpp, line 773]
Event: 27.188 Thread 0x0000023bfac1b800 Implicit null exception at 0x0000023be84550e4 to 0x0000023be8458d70
Event: 32.590 Thread 0x0000023bfac1b800 Exception <a 'java/lang/NoSuchMethodError'{0x00000000a7514c60}: 'java.lang.Object java.lang.invoke.Invokers$Holder.linkToTargetMethod(java.lang.Object, java.lang.Object, java.lang.Object, int, int, java.lang.Object)'> (0x00000000a7514c60) thrown at [./src/hotspot/share/interpreter/linkResolver.cpp, line 773]
Event: 32.728 Thread 0x0000023bfac1b800 Exception <a 'sun/nio/fs/WindowsException'{0x00000000a7258c08}> (0x00000000a7258c08) thrown at [./src/hotspot/share/prims/jni.cpp, line 615]
Event: 32.728 Thread 0x0000023bfac1b800 Exception <a 'sun/nio/fs/WindowsException'{0x00000000a7258db0}> (0x00000000a7258db0) thrown at [./src/hotspot/share/prims/jni.cpp, line 615]
Event: 32.730 Thread 0x0000023bfac1b800 Exception <a 'java/lang/NoSuchMethodError'{0x00000000a7260db0}: 'int java.lang.invoke.DirectMethodHandle$Holder.invokeVirtual(java.lang.Object, java.lang.Object, java.lang.Object)'> (0x00000000a7260db0) thrown at [./src/hotspot/share/interpreter/linkResolver.cpp, line 773]
Event: 33.195 Thread 0x0000023bfac1b800 Exception <a 'java/lang/NoSuchMethodError'{0x00000000a92652c8}: 'java.lang.Object java.lang.invoke.Invokers$Holder.linkToTargetMethod(java.lang.Object, java.lang.Object, java.lang.Object, java.lang.Object, java.lang.Object, java.lang.Object)'> (0x00000000a92652c8) thrown at [./src/hotspot/share/interpreter/linkResolver.cpp, line 773]
Event: 35.247 Thread 0x0000023bfac1b800 Exception <a 'sun/nio/fs/WindowsException'{0x00000000a845a3d0}> (0x00000000a845a3d0) thrown at [./src/hotspot/share/prims/jni.cpp, line 615]
Event: 35.248 Thread 0x0000023bfac1b800 Exception <a 'sun/nio/fs/WindowsException'{0x00000000a845a4b8}> (0x00000000a845a4b8) thrown at [./src/hotspot/share/prims/jni.cpp, line 615]
Event: 38.120 Thread 0x0000023bfac1b800 Exception <a 'java/lang/NoSuchMethodError'{0x00000000a78287b8}: 'int java.lang.invoke.DirectMethodHandle$Holder.invokeSpecial(java.lang.Object, java.lang.Object, java.lang.Object, java.lang.Object, java.lang.Object)'> (0x00000000a78287b8) thrown at [./src/hotspot/share/interpreter/linkResolver.cpp, line 773]
Event: 38.768 Thread 0x0000023bfac1b800 Implicit null exception at 0x0000023be856a297 to 0x0000023be856ae58
Event: 38.769 Thread 0x0000023bfac1b800 Implicit null exception at 0x0000023be862b678 to 0x0000023be862b6b1

Events (20 events):
Event: 40.062 loading class com/google/common/collect/UnmodifiableListIterator done
Event: 40.064 loading class com/google/common/collect/Iterators$9
Event: 40.064 loading class com/google/common/collect/Iterators$9 done
Event: 40.065 loading class com/google/common/collect/Iterators$4
Event: 40.065 loading class com/google/common/collect/Iterators$4 done
Event: 40.065 loading class com/google/common/collect/PeekingIterator
Event: 40.065 loading class com/google/common/collect/PeekingIterator done
Event: 40.066 loading class com/google/common/collect/Iterators$ArrayItr
Event: 40.066 loading class com/google/common/collect/Iterators$ArrayItr done
Event: 40.066 loading class com/google/common/collect/AbstractIndexedListIterator
Event: 40.066 loading class com/google/common/collect/AbstractIndexedListIterator done
Event: 40.070 loading class com/google/common/collect/Iterators$10
Event: 40.070 loading class com/google/common/collect/Iterators$10 done
Event: 40.072 loading class com/google/common/collect/Iterators$MergingIterator
Event: 40.072 loading class com/google/common/collect/Iterators$MergingIterator done
Event: 40.075 loading class com/google/common/collect/Iterators$1
Event: 40.075 loading class com/google/common/collect/Iterators$1 done
Event: 40.097 loading class com/sun/tools/javac/code/Symtab
Event: 40.097 loading class com/sun/tools/javac/code/Symtab done
Event: 40.305 Executing VM operation: G1CollectForAllocation


Dynamic libraries:
0x00007ff697230000 - 0x00007ff69723a000 	D:\Android\AndroidStudio\jre\bin\java.exe
0x00007ffe0fbb0000 - 0x00007ffe0fdc2000 	C:\WINDOWS\SYSTEM32\ntdll.dll
0x00007ffe0e9a0000 - 0x00007ffe0ea62000 	C:\WINDOWS\System32\KERNEL32.DLL
0x00007ffe0d3e0000 - 0x00007ffe0d77b000 	C:\WINDOWS\System32\KERNELBASE.dll
0x00007ffe0d2c0000 - 0x00007ffe0d3d1000 	C:\WINDOWS\System32\ucrtbase.dll
0x00007ffdfae20000 - 0x00007ffdfae37000 	D:\Android\AndroidStudio\jre\bin\VCRUNTIME140.dll
0x00007ffe065d0000 - 0x00007ffe065e9000 	D:\Android\AndroidStudio\jre\bin\jli.dll
0x00007ffe0ef10000 - 0x00007ffe0f0bb000 	C:\WINDOWS\System32\USER32.dll
0x00007ffe0d290000 - 0x00007ffe0d2b6000 	C:\WINDOWS\System32\win32u.dll
0x00007ffe0f6c0000 - 0x00007ffe0f6e9000 	C:\WINDOWS\System32\GDI32.dll
0x00007ffe0d7f0000 - 0x00007ffe0d908000 	C:\WINDOWS\System32\gdi32full.dll
0x00007ffe0d170000 - 0x00007ffe0d20a000 	C:\WINDOWS\System32\msvcp_win.dll
0x00007ffdf4510000 - 0x00007ffdf479e000 	C:\WINDOWS\WinSxS\amd64_microsoft.windows.common-controls_6595b64144ccf1df_6.0.22598.1_none_5f058c2d9dc925ef\COMCTL32.dll
0x00007ffe0e2b0000 - 0x00007ffe0e355000 	C:\WINDOWS\System32\msvcrt.dll
0x00007ffe0e7d0000 - 0x00007ffe0e801000 	C:\WINDOWS\System32\IMM32.DLL
0x00007ffdd9310000 - 0x00007ffdd93ad000 	D:\Android\AndroidStudio\jre\bin\msvcp140.dll
0x00007ffda65b0000 - 0x00007ffda7085000 	D:\Android\AndroidStudio\jre\bin\server\jvm.dll
0x00007ffe0e710000 - 0x00007ffe0e7be000 	C:\WINDOWS\System32\ADVAPI32.dll
0x00007ffe0ea70000 - 0x00007ffe0eb14000 	C:\WINDOWS\System32\sechost.dll
0x00007ffe0e5f0000 - 0x00007ffe0e705000 	C:\WINDOWS\System32\RPCRT4.dll
0x00007ffe0e930000 - 0x00007ffe0e938000 	C:\WINDOWS\System32\PSAPI.DLL
0x00007ffe08610000 - 0x00007ffe08619000 	C:\WINDOWS\SYSTEM32\WSOCK32.dll
0x00007ffe05d40000 - 0x00007ffe05d74000 	C:\WINDOWS\SYSTEM32\WINMM.dll
0x00007ffe04310000 - 0x00007ffe0431a000 	C:\WINDOWS\SYSTEM32\VERSION.dll
0x00007ffe0e570000 - 0x00007ffe0e5e1000 	C:\WINDOWS\System32\WS2_32.dll
0x00007ffe0c040000 - 0x00007ffe0c058000 	C:\WINDOWS\SYSTEM32\kernel.appcore.dll
0x00007ffdf9bb0000 - 0x00007ffdf9bc1000 	D:\Android\AndroidStudio\jre\bin\verify.dll
0x00007ffe0a9e0000 - 0x00007ffe0ac0e000 	C:\WINDOWS\SYSTEM32\DBGHELP.DLL
0x00007ffe0f130000 - 0x00007ffe0f4b6000 	C:\WINDOWS\System32\combase.dll
0x00007ffe0f5e0000 - 0x00007ffe0f6b7000 	C:\WINDOWS\System32\OLEAUT32.dll
0x00007ffe02a30000 - 0x00007ffe02a62000 	C:\WINDOWS\SYSTEM32\dbgcore.DLL
0x00007ffe0d210000 - 0x00007ffe0d28b000 	C:\WINDOWS\System32\bcryptPrimitives.dll
0x00007ffdf9b80000 - 0x00007ffdf9ba9000 	D:\Android\AndroidStudio\jre\bin\java.dll
0x00007ffe08450000 - 0x00007ffe0845b000 	D:\Android\AndroidStudio\jre\bin\jimage.dll
0x00007ffdf9b60000 - 0x00007ffdf9b78000 	D:\Android\AndroidStudio\jre\bin\zip.dll
0x00007ffe0d9d0000 - 0x00007ffe0e1ac000 	C:\WINDOWS\System32\SHELL32.dll
0x00007ffe0b000000 - 0x00007ffe0b8b6000 	C:\WINDOWS\SYSTEM32\windows.storage.dll
0x00007ffe0aec0000 - 0x00007ffe0affd000 	C:\WINDOWS\SYSTEM32\wintypes.dll
0x00007ffe0f4e0000 - 0x00007ffe0f5d1000 	C:\WINDOWS\System32\SHCORE.dll
0x00007ffe0e230000 - 0x00007ffe0e28e000 	C:\WINDOWS\System32\shlwapi.dll
0x00007ffe0cf30000 - 0x00007ffe0cf51000 	C:\WINDOWS\SYSTEM32\profapi.dll
0x00007ffdf9b40000 - 0x00007ffdf9b5a000 	D:\Android\AndroidStudio\jre\bin\net.dll
0x00007ffe03d50000 - 0x00007ffe03e7f000 	C:\WINDOWS\SYSTEM32\WINHTTP.dll
0x00007ffe0c500000 - 0x00007ffe0c569000 	C:\Windows\system32\mswsock.dll
0x00007ffdf9b20000 - 0x00007ffdf9b34000 	D:\Android\AndroidStudio\jre\bin\nio.dll
0x00007ffddc7c0000 - 0x00007ffddc7de000 	C:\Users\17947\.gradle\native\25\windows-amd64\native-platform.dll
0x00007ffe08340000 - 0x00007ffe0834a000 	D:\Android\AndroidStudio\jre\bin\management.dll
0x00007ffe063e0000 - 0x00007ffe063ed000 	D:\Android\AndroidStudio\jre\bin\management_ext.dll
0x00007ffe0c7b0000 - 0x00007ffe0c7cb000 	C:\WINDOWS\SYSTEM32\CRYPTSP.dll
0x00007ffe0bfb0000 - 0x00007ffe0bfe5000 	C:\Windows\system32\rsaenh.dll
0x00007ffe0c600000 - 0x00007ffe0c628000 	C:\WINDOWS\SYSTEM32\USERENV.dll
0x00007ffe0c9b0000 - 0x00007ffe0c9d8000 	C:\WINDOWS\SYSTEM32\bcrypt.dll
0x00007ffe0c7d0000 - 0x00007ffe0c7dc000 	C:\WINDOWS\SYSTEM32\CRYPTBASE.dll
0x00007ffe0bb10000 - 0x00007ffe0bb3d000 	C:\WINDOWS\SYSTEM32\IPHLPAPI.DLL
0x00007ffe0e7c0000 - 0x00007ffe0e7c9000 	C:\WINDOWS\System32\NSI.dll
0x00007ffe039e0000 - 0x00007ffe039f9000 	C:\WINDOWS\SYSTEM32\dhcpcsvc6.DLL
0x00007ffe03750000 - 0x00007ffe0376f000 	C:\WINDOWS\SYSTEM32\dhcpcsvc.DLL
0x00007ffe0bb80000 - 0x00007ffe0bc72000 	C:\WINDOWS\SYSTEM32\DNSAPI.dll

dbghelp: loaded successfully - version: 4.0.5 - missing functions: none
symbol engine: initialized successfully - sym options: 0x614 - pdb path: .;D:\Android\AndroidStudio\jre\bin;C:\WINDOWS\SYSTEM32;C:\WINDOWS\WinSxS\amd64_microsoft.windows.common-controls_6595b64144ccf1df_6.0.22598.1_none_5f058c2d9dc925ef;D:\Android\AndroidStudio\jre\bin\server;C:\Users\17947\.gradle\native\25\windows-amd64

VM Arguments:
jvm_args: --add-opens=java.base/java.util=ALL-UNNAMED --add-opens=java.base/java.lang=ALL-UNNAMED --add-opens=java.base/java.lang.invoke=ALL-UNNAMED --add-opens=java.prefs/java.util.prefs=ALL-UNNAMED -Xmx1536m -Dfile.encoding=GBK -Duser.country=CN -Duser.language=zh -Duser.variant 
java_command: org.gradle.launcher.daemon.bootstrap.GradleDaemon 5.1.1
java_class_path (initial): C:\Users\17947\.gradle\wrapper\dists\gradle-5.1.1-all\97z1ksx6lirer3kbvdnh7jtjg\gradle-5.1.1\lib\gradle-launcher-5.1.1.jar
Launcher Type: SUN_STANDARD

[Global flags]
     intx CICompilerCount                          = 4                                         {product} {ergonomic}
     uint ConcGCThreads                            = 2                                         {product} {ergonomic}
     uint G1ConcRefinementThreads                  = 8                                         {product} {ergonomic}
   size_t G1HeapRegionSize                         = 1048576                                   {product} {ergonomic}
    uintx GCDrainStackTargetSize                   = 64                                        {product} {ergonomic}
   size_t InitialHeapSize                          = 134217728                                 {product} {ergonomic}
   size_t MarkStackSize                            = 4194304                                   {product} {ergonomic}
   size_t MaxHeapSize                              = 1610612736                                {product} {command line}
   size_t MaxNewSize                               = 965738496                                 {product} {ergonomic}
   size_t MinHeapDeltaBytes                        = 1048576                                   {product} {ergonomic}
    uintx NonNMethodCodeHeapSize                   = 5836300                                {pd product} {ergonomic}
    uintx NonProfiledCodeHeapSize                  = 122910970                              {pd product} {ergonomic}
    uintx ProfiledCodeHeapSize                     = 122910970                              {pd product} {ergonomic}
    uintx ReservedCodeCacheSize                    = 251658240                              {pd product} {ergonomic}
     bool SegmentedCodeCache                       = true                                      {product} {ergonomic}
     bool UseCompressedClassPointers               = true                                 {lp64_product} {ergonomic}
     bool UseCompressedOops                        = true                                 {lp64_product} {ergonomic}
     bool UseG1GC                                  = true                                      {product} {ergonomic}
     bool UseLargePagesIndividualAllocation        = false                                  {pd product} {ergonomic}

Logging:
Log output configuration:
 #0: stdout all=warning uptime,level,tags
 #1: stderr all=off uptime,level,tags

Environment Variables:
JAVA_HOME=D:\Java1.7\JDK1.7
CLASSPATH=.;D:\Java1.7\JDK1.7lib;D:\Java1.7\JDK1.7lib\tools.jar;
PATH=C:\ProgramData\Oracle\Java\javapath;D:\mysql5.5\bin;D:\Java1.7\JDK1.7\bin;D:\Java1.7\JRE1.7\bin;C:\windows\system32;D:\maven\apache-maven-3.1.1\bin;C:\mingw64\bin;;C:\Windows\system32;C:\Windows;C:\Windows\System32\Wbem;C:\Windows\System32\WindowsPowerShell\v1.0\;C:\Windows\System32\OpenSSH\;C:\Users\17947\AppData\Local\Programs\Python\Python39\Scripts\;C:\Users\17947\AppData\Local\Programs\Python\Python39\;C:\Users\17947\.cargo\bin;C:\Users\17947\AppData\Local\Microsoft\WindowsApps;C:\pycharm\bin;;D:\pycharm\PyCharm Community Edition 2021.2.3\bin;;C:\mingw64\bin;D:\intellij\IntelliJ IDEA Community Edition 2021.2.3\bin;;C:\Windows\System32\WindowsPowerShell\v1.0;D:\IDEAU\IntelliJ IDEA 2021.3\bin;;C:\Users\17947\AppData\Local\Programs\Microsoft VS Code\bin;
USERNAME=17947
OS=Windows_NT
PROCESSOR_IDENTIFIER=Intel64 Family 6 Model 158 Stepping 10, GenuineIntel



---------------  S Y S T E M  ---------------

OS: Windows 10 , 64 bit Build 22598 (10.0.22598.1)
OS uptime: 1 days 1:24 hours
Hyper-V role detected

CPU:total 8 (initial active 8) (4 cores per cpu, 2 threads per core) family 6 model 158 stepping 10 microcode 0xde, cmov, cx8, fxsr, mmx, sse, sse2, sse3, ssse3, sse4.1, sse4.2, popcnt, avx, avx2, aes, clmul, erms, 3dnowpref, lzcnt, ht, tsc, tscinvbit, bmi1, bmi2, adx, fma

Memory: 4k page, system-wide physical 8064M (955M free)
TotalPageFile size 20864M (AvailPageFile size 23M)
current process WorkingSet (physical memory assigned to process): 426M, peak: 428M
current process commit charge ("private bytes"): 459M, peak: 496M

vm_info: OpenJDK 64-Bit Server VM (11.0.11+9-b60-7590822) for windows-amd64 JRE (11.0.11+9-b60-7590822), built on Jul 29 2021 21:43:44 by "builder" with MS VC++ 14.0 (VS2015)

END.
